0 info it worked if it ends with ok
1 verbose cli [ 'C:\\Program Files\\nodejs\\node.exe',
1 verbose cli   'C:\\Program Files\\nodejs\\node_modules\\npm\\bin\\npm-cli.js',
1 verbose cli   'start' ]
2 info using npm@3.10.10
3 info using node@v6.10.2
4 verbose run-script [ 'prestart', 'start', 'poststart' ]
5 info lifecycle strong-track@0.0.1~prestart: strong-track@0.0.1
6 silly lifecycle strong-track@0.0.1~prestart: no script for prestart, continuing
7 info lifecycle strong-track@0.0.1~start: strong-track@0.0.1
8 verbose lifecycle strong-track@0.0.1~start: unsafe-perm in lifecycle true
9 verbose lifecycle strong-track@0.0.1~start: PATH: C:\Program Files\nodejs\node_modules\npm\bin\node-gyp-bin;C:\Projects\StrongTrack\node_modules\.bin;C:\Users\Will\Downloads\cmder\bin;C:\Users\Will\Downloads\cmder\vendor\conemu-maximus5\ConEmu\Scripts;C:\Users\Will\Downloads\cmder\vendor\conemu-maximus5;C:\Users\Will\Downloads\cmder\vendor\conemu-maximus5\ConEmu;C:\ProgramData\Oracle\Java\javapath;C:\Windows\system32;C:\Windows;C:\Windows\System32\Wbem;C:\Windows\System32\WindowsPowerShell\v1.0\;C:\Users\Will\.dnx\bin;C:\Program Files\Microsoft DNX\Dnvm\;C:\Program Files\Microsoft SQL Server\130\Tools\Binn\;C:\Program Files (x86)\Microsoft SQL Server\110\Tools\Binn\ManagementStudio\;C:\Program Files (x86)\Microsoft SQL Server\110\Tools\Binn\;C:\Program Files (x86)\Microsoft SQL Server\110\DTS\Binn\;C:\Program Files (x86)\GitExtensions\;C:\WINDOWS\system32;C:\WINDOWS;C:\WINDOWS\System32\Wbem;C:\WINDOWS\System32\WindowsPowerShell\v1.0\;C:\Users\Will\Anaconda3;C:\Users\Will\Anaconda3\Scripts;C:\Users\Will\Anaconda3\Library\bin;C:\Users\Will\AppData\Local\Microsoft\WindowsApps;C:\Program Files (x86)\Microsoft VS Code\bin;C:\Program Files (x86)\NVIDIA Corporation\PhysX\Common;C:\Program Files\nodejs\;C:\Program Files (x86)\Skype\Phone\;C:\Program Files\apache-maven-3.5.0\bin;C:\Program Files\Java\jdk1.8.0_111\bin;C:\Users\Will\AppData\Roaming\npm;C:\Program Files\dotnet\;C:\Program Files\Git\cmd;C:\Users\Will\Anaconda3;C:\Users\Will\Anaconda3\Scripts;C:\Users\Will\Anaconda3\Library\bin;C:\Users\Will\AppData\Local\Microsoft\WindowsApps;C:\Program Files (x86)\Microsoft VS Code\bin;C:\Users\Will\AppData\Roaming\npm;C:\Program Files\apache-maven-3.5.0\bin;C:\Program Files\Heroku\bin;C:\Program Files\Git\usr\bin;C:\Program Files\Git\usr\share\vim\vim74;C:\Users\Will\Downloads\cmder\
10 verbose lifecycle strong-track@0.0.1~start: CWD: C:\Projects\StrongTrack
11 silly lifecycle strong-track@0.0.1~start: Args: [ '/d /s /c', 'node server/index' ]
12 silly lifecycle strong-track@0.0.1~start: Returned: code: 1  signal: null
13 info lifecycle strong-track@0.0.1~start: Failed to exec start script
14 verbose stack Error: strong-track@0.0.1 start: `node server/index`
14 verbose stack Exit status 1
14 verbose stack     at EventEmitter.<anonymous> (C:\Program Files\nodejs\node_modules\npm\lib\utils\lifecycle.js:255:16)
14 verbose stack     at emitTwo (events.js:106:13)
14 verbose stack     at EventEmitter.emit (events.js:191:7)
14 verbose stack     at ChildProcess.<anonymous> (C:\Program Files\nodejs\node_modules\npm\lib\utils\spawn.js:40:14)
14 verbose stack     at emitTwo (events.js:106:13)
14 verbose stack     at ChildProcess.emit (events.js:191:7)
14 verbose stack     at maybeClose (internal/child_process.js:886:16)
14 verbose stack     at Process.ChildProcess._handle.onexit (internal/child_process.js:226:5)
15 verbose pkgid strong-track@0.0.1
16 verbose cwd C:\Projects\StrongTrack
17 error Windows_NT 10.0.14393
18 error argv "C:\\Program Files\\nodejs\\node.exe" "C:\\Program Files\\nodejs\\node_modules\\npm\\bin\\npm-cli.js" "start"
19 error node v6.10.2
20 error npm  v3.10.10
21 error code ELIFECYCLE
22 error strong-track@0.0.1 start: `node server/index`
22 error Exit status 1
23 error Failed at the strong-track@0.0.1 start script 'node server/index'.
23 error Make sure you have the latest version of node.js and npm installed.
23 error If you do, this is most likely a problem with the strong-track package,
23 error not with npm itself.
23 error Tell the author that this fails on your system:
23 error     node server/index
23 error You can get information on how to open an issue for this project with:
23 error     npm bugs strong-track
23 error Or if that isn't available, you can get their info via:
23 error     npm owner ls strong-track
23 error There is likely additional logging output above.
24 verbose exit [ 1, true ]
